CRITICAL - 2026-06-13 16:59:39 --> DomainException: Provided key is too short
[Method: POST, Route: api/login]
in VENDORPATH\firebase\php-jwt\src\JWT.php on line 701.
 1 VENDORPATH\firebase\php-jwt\src\JWT.php(274): Firebase\JWT\JWT::validateHmacKeyLength('kunci_rahasia_fajar_123', 'SHA256')
 2 VENDORPATH\firebase\php-jwt\src\JWT.php(242): Firebase\JWT\JWT::sign('eyJ0eXAiOiJKV1QiLCJhbGciOiJIUzI1NiJ9.eyJpYXQiOjE3ODEzNjk5NzksImV4cCI6MTc4MTQ1NjM3OSwidWlkIjoiMSIsImVtYWlsIjoiZmFqYXJAYWRtaW4uY29tIiwicm9sZSI6ImFkbWluIn0', Object(SensitiveParameterValue), 'HS256')
 3 APPPATH\Controllers\Auth.php(68): Firebase\JWT\JWT::encode([...], Object(SensitiveParameterValue), 'HS256')
 4 SYSTEMPATH\CodeIgniter.php(974): App\Controllers\Auth->login()
 5 SYSTEMPATH\CodeIgniter.php(520): CodeIgniter\CodeIgniter->runController(Object(App\Controllers\Auth))
 6 SYSTEMPATH\CodeIgniter.php(363): CodeIgniter\CodeIgniter->handleRequest(null, Object(Config\Cache), false)
 7 SYSTEMPATH\Boot.php(417): CodeIgniter\CodeIgniter->run()
 8 SYSTEMPATH\Boot.php(68): CodeIgniter\Boot::runCodeIgniter(Object(CodeIgniter\CodeIgniter))
 9 FCPATH\index.php(59): CodeIgniter\Boot::bootWeb(Object(Config\Paths))
10 SYSTEMPATH\rewrite.php(44): require_once('C:\\xampp\\htdocs\\UAS_Web2_312410549_FajarMaherHabibillah\\backend-api\\public\\index.php')
CRITICAL - 2026-06-13 17:02:14 --> DomainException: Provided key is too short
[Method: POST, Route: api/login]
in VENDORPATH\firebase\php-jwt\src\JWT.php on line 701.
 1 VENDORPATH\firebase\php-jwt\src\JWT.php(274): Firebase\JWT\JWT::validateHmacKeyLength('kunci_rahasia_fajar_123', 'SHA256')
 2 VENDORPATH\firebase\php-jwt\src\JWT.php(242): Firebase\JWT\JWT::sign('eyJ0eXAiOiJKV1QiLCJhbGciOiJIUzI1NiJ9.eyJpYXQiOjE3ODEzNzAxMzQsImV4cCI6MTc4MTQ1NjUzNCwidWlkIjoiMSIsImVtYWlsIjoiZmFqYXJAYWRtaW4uY29tIiwicm9sZSI6ImFkbWluIn0', Object(SensitiveParameterValue), 'HS256')
 3 APPPATH\Controllers\Auth.php(68): Firebase\JWT\JWT::encode([...], Object(SensitiveParameterValue), 'HS256')
 4 SYSTEMPATH\CodeIgniter.php(974): App\Controllers\Auth->login()
 5 SYSTEMPATH\CodeIgniter.php(520): CodeIgniter\CodeIgniter->runController(Object(App\Controllers\Auth))
 6 SYSTEMPATH\CodeIgniter.php(363): CodeIgniter\CodeIgniter->handleRequest(null, Object(Config\Cache), false)
 7 SYSTEMPATH\Boot.php(417): CodeIgniter\CodeIgniter->run()
 8 SYSTEMPATH\Boot.php(68): CodeIgniter\Boot::runCodeIgniter(Object(CodeIgniter\CodeIgniter))
 9 FCPATH\index.php(59): CodeIgniter\Boot::bootWeb(Object(Config\Paths))
10 SYSTEMPATH\rewrite.php(44): require_once('C:\\xampp\\htdocs\\UAS_Web2_312410549_FajarMaherHabibillah\\backend-api\\public\\index.php')
ERROR - 2026-06-13 18:31:54 --> Error connecting to the database: mysqli_sql_exception: No connection could be made because the target machine actively refused it in C:\xampp\htdocs\UAS_Web2_312410549_FajarMaherHabibillah\backend-api\system\Database\MySQLi\Connection.php:201
Stack trace:
#0 C:\xampp\htdocs\UAS_Web2_312410549_FajarMaherHabibillah\backend-api\system\Database\MySQLi\Connection.php(201): mysqli->real_connect('localhost', 'root', Object(SensitiveParameterValue), 'e_library_komik', 3306, '', 0)
#1 C:\xampp\htdocs\UAS_Web2_312410549_FajarMaherHabibillah\backend-api\system\Database\BaseConnection.php(555): CodeIgniter\Database\MySQLi\Connection->connect(false)
#2 C:\xampp\htdocs\UAS_Web2_312410549_FajarMaherHabibillah\backend-api\system\Database\BaseConnection.php(795): CodeIgniter\Database\BaseConnection->initialize()
#3 C:\xampp\htdocs\UAS_Web2_312410549_FajarMaherHabibillah\backend-api\system\Database\BaseBuilder.php(1647): CodeIgniter\Database\BaseConnection->query('SELECT *\nFROM `...', Array, false)
#4 C:\xampp\htdocs\UAS_Web2_312410549_FajarMaherHabibillah\backend-api\system\Model.php(297): CodeIgniter\Database\BaseBuilder->get()
#5 C:\xampp\htdocs\UAS_Web2_312410549_FajarMaherHabibillah\backend-api\system\BaseModel.php(714): CodeIgniter\Model->doFirst()
#6 C:\xampp\htdocs\UAS_Web2_312410549_FajarMaherHabibillah\backend-api\app\Controllers\Auth.php(47): CodeIgniter\BaseModel->first()
#7 C:\xampp\htdocs\UAS_Web2_312410549_FajarMaherHabibillah\backend-api\system\CodeIgniter.php(974): App\Controllers\Auth->login()
#8 C:\xampp\htdocs\UAS_Web2_312410549_FajarMaherHabibillah\backend-api\system\CodeIgniter.php(520): CodeIgniter\CodeIgniter->runController(Object(App\Controllers\Auth))
#9 C:\xampp\htdocs\UAS_Web2_312410549_FajarMaherHabibillah\backend-api\system\CodeIgniter.php(363): CodeIgniter\CodeIgniter->handleRequest(NULL, Object(Config\Cache), false)
#10 C:\xampp\htdocs\UAS_Web2_312410549_FajarMaherHabibillah\backend-api\system\Boot.php(417): CodeIgniter\CodeIgniter->run()
#11 C:\xampp\htdocs\UAS_Web2_312410549_FajarMaherHabibillah\backend-api\system\Boot.php(68): CodeIgniter\Boot::runCodeIgniter(Object(CodeIgniter\CodeIgniter))
#12 C:\xampp\htdocs\UAS_Web2_312410549_FajarMaherHabibillah\backend-api\public\index.php(59): CodeIgniter\Boot::bootWeb(Object(Config\Paths))
#13 C:\xampp\htdocs\UAS_Web2_312410549_FajarMaherHabibillah\backend-api\system\rewrite.php(44): require_once('C:\\xampp\\htdocs...')
#14 {main}

Next CodeIgniter\Database\Exceptions\DatabaseException: No connection could be made because the target machine actively refused it in C:\xampp\htdocs\UAS_Web2_312410549_FajarMaherHabibillah\backend-api\system\Database\MySQLi\Connection.php:231
Stack trace:
#0 C:\xampp\htdocs\UAS_Web2_312410549_FajarMaherHabibillah\backend-api\system\Database\BaseConnection.php(555): CodeIgniter\Database\MySQLi\Connection->connect(false)
#1 C:\xampp\htdocs\UAS_Web2_312410549_FajarMaherHabibillah\backend-api\system\Database\BaseConnection.php(795): CodeIgniter\Database\BaseConnection->initialize()
#2 C:\xampp\htdocs\UAS_Web2_312410549_FajarMaherHabibillah\backend-api\system\Database\BaseBuilder.php(1647): CodeIgniter\Database\BaseConnection->query('SELECT *\nFROM `...', Array, false)
#3 C:\xampp\htdocs\UAS_Web2_312410549_FajarMaherHabibillah\backend-api\system\Model.php(297): CodeIgniter\Database\BaseBuilder->get()
#4 C:\xampp\htdocs\UAS_Web2_312410549_FajarMaherHabibillah\backend-api\system\BaseModel.php(714): CodeIgniter\Model->doFirst()
#5 C:\xampp\htdocs\UAS_Web2_312410549_FajarMaherHabibillah\backend-api\app\Controllers\Auth.php(47): CodeIgniter\BaseModel->first()
#6 C:\xampp\htdocs\UAS_Web2_312410549_FajarMaherHabibillah\backend-api\system\CodeIgniter.php(974): App\Controllers\Auth->login()
#7 C:\xampp\htdocs\UAS_Web2_312410549_FajarMaherHabibillah\backend-api\system\CodeIgniter.php(520): CodeIgniter\CodeIgniter->runController(Object(App\Controllers\Auth))
#8 C:\xampp\htdocs\UAS_Web2_312410549_FajarMaherHabibillah\backend-api\system\CodeIgniter.php(363): CodeIgniter\CodeIgniter->handleRequest(NULL, Object(Config\Cache), false)
#9 C:\xampp\htdocs\UAS_Web2_312410549_FajarMaherHabibillah\backend-api\system\Boot.php(417): CodeIgniter\CodeIgniter->run()
#10 C:\xampp\htdocs\UAS_Web2_312410549_FajarMaherHabibillah\backend-api\system\Boot.php(68): CodeIgniter\Boot::runCodeIgniter(Object(CodeIgniter\CodeIgniter))
#11 C:\xampp\htdocs\UAS_Web2_312410549_FajarMaherHabibillah\backend-api\public\index.php(59): CodeIgniter\Boot::bootWeb(Object(Config\Paths))
#12 C:\xampp\htdocs\UAS_Web2_312410549_FajarMaherHabibillah\backend-api\system\rewrite.php(44): require_once('C:\\xampp\\htdocs...')
#13 {main}
CRITICAL - 2026-06-13 18:31:54 --> CodeIgniter\Database\Exceptions\DatabaseException: Unable to connect to the database.
Main connection [MySQLi]: No connection could be made because the target machine actively refused it
[Method: POST, Route: api/login]
in SYSTEMPATH\Database\BaseConnection.php on line 606.
 1 SYSTEMPATH\Database\BaseConnection.php(795): CodeIgniter\Database\BaseConnection->initialize()
 2 SYSTEMPATH\Database\BaseBuilder.php(1647): CodeIgniter\Database\BaseConnection->query('SELECT *
FROM `users`
WHERE `email` = :email:
 LIMIT 1', [...], false)
 3 SYSTEMPATH\Model.php(297): CodeIgniter\Database\BaseBuilder->get()
 4 SYSTEMPATH\BaseModel.php(714): CodeIgniter\Model->doFirst()
 5 APPPATH\Controllers\Auth.php(47): CodeIgniter\BaseModel->first()
 6 SYSTEMPATH\CodeIgniter.php(974): App\Controllers\Auth->login()
 7 SYSTEMPATH\CodeIgniter.php(520): CodeIgniter\CodeIgniter->runController(Object(App\Controllers\Auth))
 8 SYSTEMPATH\CodeIgniter.php(363): CodeIgniter\CodeIgniter->handleRequest(null, Object(Config\Cache), false)
 9 SYSTEMPATH\Boot.php(417): CodeIgniter\CodeIgniter->run()
10 SYSTEMPATH\Boot.php(68): CodeIgniter\Boot::runCodeIgniter(Object(CodeIgniter\CodeIgniter))
11 FCPATH\index.php(59): CodeIgniter\Boot::bootWeb(Object(Config\Paths))
12 SYSTEMPATH\rewrite.php(44): require_once('C:\\xampp\\htdocs\\UAS_Web2_312410549_FajarMaherHabibillah\\backend-api\\public\\index.php')
ERROR - 2026-06-13 18:31:58 --> Error connecting to the database: mysqli_sql_exception: No connection could be made because the target machine actively refused it in C:\xampp\htdocs\UAS_Web2_312410549_FajarMaherHabibillah\backend-api\system\Database\MySQLi\Connection.php:201
Stack trace:
#0 C:\xampp\htdocs\UAS_Web2_312410549_FajarMaherHabibillah\backend-api\system\Database\MySQLi\Connection.php(201): mysqli->real_connect('localhost', 'root', Object(SensitiveParameterValue), 'e_library_komik', 3306, '', 0)
#1 C:\xampp\htdocs\UAS_Web2_312410549_FajarMaherHabibillah\backend-api\system\Database\BaseConnection.php(555): CodeIgniter\Database\MySQLi\Connection->connect(false)
#2 C:\xampp\htdocs\UAS_Web2_312410549_FajarMaherHabibillah\backend-api\system\Database\BaseConnection.php(795): CodeIgniter\Database\BaseConnection->initialize()
#3 C:\xampp\htdocs\UAS_Web2_312410549_FajarMaherHabibillah\backend-api\system\Database\BaseBuilder.php(1647): CodeIgniter\Database\BaseConnection->query('SELECT *\nFROM `...', Array, false)
#4 C:\xampp\htdocs\UAS_Web2_312410549_FajarMaherHabibillah\backend-api\system\Model.php(297): CodeIgniter\Database\BaseBuilder->get()
#5 C:\xampp\htdocs\UAS_Web2_312410549_FajarMaherHabibillah\backend-api\system\BaseModel.php(714): CodeIgniter\Model->doFirst()
#6 C:\xampp\htdocs\UAS_Web2_312410549_FajarMaherHabibillah\backend-api\app\Controllers\Auth.php(47): CodeIgniter\BaseModel->first()
#7 C:\xampp\htdocs\UAS_Web2_312410549_FajarMaherHabibillah\backend-api\system\CodeIgniter.php(974): App\Controllers\Auth->login()
#8 C:\xampp\htdocs\UAS_Web2_312410549_FajarMaherHabibillah\backend-api\system\CodeIgniter.php(520): CodeIgniter\CodeIgniter->runController(Object(App\Controllers\Auth))
#9 C:\xampp\htdocs\UAS_Web2_312410549_FajarMaherHabibillah\backend-api\system\CodeIgniter.php(363): CodeIgniter\CodeIgniter->handleRequest(NULL, Object(Config\Cache), false)
#10 C:\xampp\htdocs\UAS_Web2_312410549_FajarMaherHabibillah\backend-api\system\Boot.php(417): CodeIgniter\CodeIgniter->run()
#11 C:\xampp\htdocs\UAS_Web2_312410549_FajarMaherHabibillah\backend-api\system\Boot.php(68): CodeIgniter\Boot::runCodeIgniter(Object(CodeIgniter\CodeIgniter))
#12 C:\xampp\htdocs\UAS_Web2_312410549_FajarMaherHabibillah\backend-api\public\index.php(59): CodeIgniter\Boot::bootWeb(Object(Config\Paths))
#13 C:\xampp\htdocs\UAS_Web2_312410549_FajarMaherHabibillah\backend-api\system\rewrite.php(44): require_once('C:\\xampp\\htdocs...')
#14 {main}

Next CodeIgniter\Database\Exceptions\DatabaseException: No connection could be made because the target machine actively refused it in C:\xampp\htdocs\UAS_Web2_312410549_FajarMaherHabibillah\backend-api\system\Database\MySQLi\Connection.php:231
Stack trace:
#0 C:\xampp\htdocs\UAS_Web2_312410549_FajarMaherHabibillah\backend-api\system\Database\BaseConnection.php(555): CodeIgniter\Database\MySQLi\Connection->connect(false)
#1 C:\xampp\htdocs\UAS_Web2_312410549_FajarMaherHabibillah\backend-api\system\Database\BaseConnection.php(795): CodeIgniter\Database\BaseConnection->initialize()
#2 C:\xampp\htdocs\UAS_Web2_312410549_FajarMaherHabibillah\backend-api\system\Database\BaseBuilder.php(1647): CodeIgniter\Database\BaseConnection->query('SELECT *\nFROM `...', Array, false)
#3 C:\xampp\htdocs\UAS_Web2_312410549_FajarMaherHabibillah\backend-api\system\Model.php(297): CodeIgniter\Database\BaseBuilder->get()
#4 C:\xampp\htdocs\UAS_Web2_312410549_FajarMaherHabibillah\backend-api\system\BaseModel.php(714): CodeIgniter\Model->doFirst()
#5 C:\xampp\htdocs\UAS_Web2_312410549_FajarMaherHabibillah\backend-api\app\Controllers\Auth.php(47): CodeIgniter\BaseModel->first()
#6 C:\xampp\htdocs\UAS_Web2_312410549_FajarMaherHabibillah\backend-api\system\CodeIgniter.php(974): App\Controllers\Auth->login()
#7 C:\xampp\htdocs\UAS_Web2_312410549_FajarMaherHabibillah\backend-api\system\CodeIgniter.php(520): CodeIgniter\CodeIgniter->runController(Object(App\Controllers\Auth))
#8 C:\xampp\htdocs\UAS_Web2_312410549_FajarMaherHabibillah\backend-api\system\CodeIgniter.php(363): CodeIgniter\CodeIgniter->handleRequest(NULL, Object(Config\Cache), false)
#9 C:\xampp\htdocs\UAS_Web2_312410549_FajarMaherHabibillah\backend-api\system\Boot.php(417): CodeIgniter\CodeIgniter->run()
#10 C:\xampp\htdocs\UAS_Web2_312410549_FajarMaherHabibillah\backend-api\system\Boot.php(68): CodeIgniter\Boot::runCodeIgniter(Object(CodeIgniter\CodeIgniter))
#11 C:\xampp\htdocs\UAS_Web2_312410549_FajarMaherHabibillah\backend-api\public\index.php(59): CodeIgniter\Boot::bootWeb(Object(Config\Paths))
#12 C:\xampp\htdocs\UAS_Web2_312410549_FajarMaherHabibillah\backend-api\system\rewrite.php(44): require_once('C:\\xampp\\htdocs...')
#13 {main}
CRITICAL - 2026-06-13 18:31:58 --> CodeIgniter\Database\Exceptions\DatabaseException: Unable to connect to the database.
Main connection [MySQLi]: No connection could be made because the target machine actively refused it
[Method: POST, Route: api/login]
in SYSTEMPATH\Database\BaseConnection.php on line 606.
 1 SYSTEMPATH\Database\BaseConnection.php(795): CodeIgniter\Database\BaseConnection->initialize()
 2 SYSTEMPATH\Database\BaseBuilder.php(1647): CodeIgniter\Database\BaseConnection->query('SELECT *
FROM `users`
WHERE `email` = :email:
 LIMIT 1', [...], false)
 3 SYSTEMPATH\Model.php(297): CodeIgniter\Database\BaseBuilder->get()
 4 SYSTEMPATH\BaseModel.php(714): CodeIgniter\Model->doFirst()
 5 APPPATH\Controllers\Auth.php(47): CodeIgniter\BaseModel->first()
 6 SYSTEMPATH\CodeIgniter.php(974): App\Controllers\Auth->login()
 7 SYSTEMPATH\CodeIgniter.php(520): CodeIgniter\CodeIgniter->runController(Object(App\Controllers\Auth))
 8 SYSTEMPATH\CodeIgniter.php(363): CodeIgniter\CodeIgniter->handleRequest(null, Object(Config\Cache), false)
 9 SYSTEMPATH\Boot.php(417): CodeIgniter\CodeIgniter->run()
10 SYSTEMPATH\Boot.php(68): CodeIgniter\Boot::runCodeIgniter(Object(CodeIgniter\CodeIgniter))
11 FCPATH\index.php(59): CodeIgniter\Boot::bootWeb(Object(Config\Paths))
12 SYSTEMPATH\rewrite.php(44): require_once('C:\\xampp\\htdocs\\UAS_Web2_312410549_FajarMaherHabibillah\\backend-api\\public\\index.php')
